2024-11-15 14:05:38,569 [INFO] Activator:176 - 


2024-11-15 14:05:38,582 [INFO] Activator:177 - !SESSION log4j initialized
2024-11-15 14:05:52,074 [INFO] LogOutputStream:77 - [STDOUT_REDIRECT] 
2024-11-15 14:05:55,810 [INFO] ApplicationProperties:184 - Using Application install path: C:\ST\STM32CubeIDE_1.16.1\STM32CubeIDE\plugins\com.st.stm32cube.common.mx_6.12.1.202409122256
2024-11-15 14:05:55,853 [INFO] DbMcusXml:78 - Set database path to: C:\ST\STM32CubeIDE_1.16.1\STM32CubeIDE\plugins\com.st.stm32cube.common.mx_6.12.1.202409122256\\db\/mcu/
2024-11-15 14:05:55,854 [INFO] ApiDb:274 - Set plugin database path to: C:\ST\STM32CubeIDE_1.16.1\STM32CubeIDE\plugins\com.st.stm32cube.common.mx_6.12.1.202409122256\\db\/plugins/boardmanager/
2024-11-15 14:05:55,854 [WARN] ApiDb:259 - Overriding images path with different value:  => C:\ST\STM32CubeIDE_1.16.1\STM32CubeIDE\plugins\com.st.stm32cube.common.mx_6.12.1.202409122256\\db\/plugins/mcufinder/images/
2024-11-15 14:05:55,873 [INFO] ApiDb:250 - Set database path to: C:\Users\chant\.stmcufinder\plugins\mcufinder//mcu/
2024-11-15 14:05:55,875 [INFO] DbMcusAds:125 - Set database path to: C:\Users\chant\.stmcufinder\plugins\mcufinder//mcu/
2024-11-15 14:05:55,882 [INFO] CrossReferenceDbSqlite:203 - Set database path to: C:\Users\chant\.stmcufinder\plugins\mcufinder//mcu/cs/
2024-11-15 14:05:56,152 [INFO] RulesReader:64 - Compatibility file has been processed (297 Rules)
2024-11-15 14:05:56,318 [INFO] DbMcusXml:78 - Set database path to: C:\ST\STM32CubeIDE_1.16.1\STM32CubeIDE\plugins\com.st.stm32cube.common.mx_6.12.1.202409122256\\db\/mcu/
2024-11-15 14:05:56,319 [INFO] ApiDb:274 - Set plugin database path to: C:\ST\STM32CubeIDE_1.16.1\STM32CubeIDE\plugins\com.st.stm32cube.common.mx_6.12.1.202409122256\\db\/plugins/boardmanager/
2024-11-15 14:05:56,319 [INFO] ApiDb:261 - Set plugin images path to: C:\ST\STM32CubeIDE_1.16.1\STM32CubeIDE\plugins\com.st.stm32cube.common.mx_6.12.1.202409122256\\db\/plugins/mcufinder/images/
2024-11-15 14:05:56,319 [WARN] DbFile:41 - Overriding database path with different value: C:\Users\chant\.stmcufinder\plugins\mcufinder/ => C:\Users\chant\.stmcufinder\plugins\mcufinder
2024-11-15 14:05:56,319 [INFO] ApiDb:250 - Set database path to: C:\Users\chant\.stmcufinder\plugins\mcufinder//mcu/
2024-11-15 14:05:56,320 [WARN] DbFile:41 - Overriding database path with different value: C:\Users\chant\.stmcufinder\plugins\mcufinder/ => C:\Users\chant\.stmcufinder\plugins\mcufinder
2024-11-15 14:05:56,320 [INFO] DbMcusAds:125 - Set database path to: C:\Users\chant\.stmcufinder\plugins\mcufinder//mcu/
2024-11-15 14:05:56,320 [WARN] DbFile:41 - Overriding database path with different value: C:\Users\chant\.stmcufinder\plugins\mcufinder/ => C:\Users\chant\.stmcufinder\plugins\mcufinder
2024-11-15 14:05:56,320 [WARN] DbFile:41 - Overriding database path with different value: C:\Users\chant\.stmcufinder\plugins\mcufinder/ => C:\Users\chant\.stmcufinder\plugins\mcufinder
2024-11-15 14:05:56,321 [INFO] CrossReferenceDbSqlite:203 - Set database path to: C:\Users\chant\.stmcufinder\plugins\mcufinder//mcu/cs/
2024-11-15 14:05:56,501 [INFO] MainPanel:268 - HeapMemory: 268435456
2024-11-15 14:05:56,744 [INFO] DbMcusXml:78 - Set database path to: C:\ST\STM32CubeIDE_1.16.1\STM32CubeIDE\plugins\com.st.stm32cube.common.mx_6.12.1.202409122256\\db\/mcu/
2024-11-15 14:05:56,745 [INFO] ApiDb:274 - Set plugin database path to: C:\ST\STM32CubeIDE_1.16.1\STM32CubeIDE\plugins\com.st.stm32cube.common.mx_6.12.1.202409122256\\db\/plugins/boardmanager/
2024-11-15 14:05:56,745 [INFO] ApiDb:261 - Set plugin images path to: C:\ST\STM32CubeIDE_1.16.1\STM32CubeIDE\plugins\com.st.stm32cube.common.mx_6.12.1.202409122256\\db\/plugins/mcufinder/images/
2024-11-15 14:05:56,746 [WARN] DbFile:41 - Overriding database path with different value: C:\Users\chant\.stmcufinder\plugins\mcufinder/ => C:\Users\chant\.stmcufinder\plugins\mcufinder
2024-11-15 14:05:56,746 [INFO] ApiDb:250 - Set database path to: C:\Users\chant\.stmcufinder\plugins\mcufinder//mcu/
2024-11-15 14:05:56,747 [WARN] DbFile:41 - Overriding database path with different value: C:\Users\chant\.stmcufinder\plugins\mcufinder/ => C:\Users\chant\.stmcufinder\plugins\mcufinder
2024-11-15 14:05:56,747 [INFO] DbMcusAds:125 - Set database path to: C:\Users\chant\.stmcufinder\plugins\mcufinder//mcu/
2024-11-15 14:05:56,747 [WARN] DbFile:41 - Overriding database path with different value: C:\Users\chant\.stmcufinder\plugins\mcufinder/ => C:\Users\chant\.stmcufinder\plugins\mcufinder
2024-11-15 14:05:56,748 [WARN] DbFile:41 - Overriding database path with different value: C:\Users\chant\.stmcufinder\plugins\mcufinder/ => C:\Users\chant\.stmcufinder\plugins\mcufinder
2024-11-15 14:05:56,748 [INFO] CrossReferenceDbSqlite:203 - Set database path to: C:\Users\chant\.stmcufinder\plugins\mcufinder//mcu/cs/
2024-11-15 14:05:56,782 [INFO] ApplicationProperties:184 - Using Application install path: C:\ST\STM32CubeIDE_1.16.1\STM32CubeIDE\plugins\com.st.stm32cube.common.mx_6.12.1.202409122256
2024-11-15 14:05:56,786 [INFO] PluginManage:196 - Search for loadable plugins [exclusion list=, ]
2024-11-15 14:05:56,790 [INFO] PluginManage:310 - Check plugin analytics
2024-11-15 14:05:57,214 [INFO] AnalyticsPlugin:253 - Accepted Software Licenses: 
2024-11-15 14:05:57,214 [INFO] AnalyticsPlugin:255 - Accepted CMSIS Pack Licenses: 
2024-11-15 14:05:57,214 [INFO] AnalyticsPlugin:257 - Accepted Firmware Licenses: 
2024-11-15 14:05:57,227 [INFO] PluginManage:359 - Loaded plugin analytics (category:tool,tabindex:-1)
2024-11-15 14:05:57,228 [INFO] PluginManage:310 - Check plugin cadmodel
2024-11-15 14:05:57,266 [INFO] CADModel:105 - Init CAD model plugin
2024-11-15 14:05:57,266 [INFO] PluginManage:359 - Loaded plugin cadmodel (category:power,tabindex:5)
2024-11-15 14:05:57,267 [INFO] PluginManage:310 - Check plugin clock
2024-11-15 14:05:57,312 [INFO] PluginManage:359 - Loaded plugin clock (category:base,tabindex:2)
2024-11-15 14:05:57,313 [INFO] PluginManage:310 - Check plugin ddr
2024-11-15 14:05:57,319 [INFO] PluginManage:359 - Loaded plugin ddr (category:tool,tabindex:6)
2024-11-15 14:05:57,319 [INFO] PluginManage:310 - Check plugin filemanager
2024-11-15 14:05:57,697 [INFO] PluginManage:359 - Loaded plugin filemanager (category:base,tabindex:10)
2024-11-15 14:05:57,697 [INFO] PluginManage:310 - Check plugin ipmanager
2024-11-15 14:05:57,714 [INFO] PluginManage:359 - Loaded plugin ipmanager (category:base,tabindex:5)
2024-11-15 14:05:57,714 [INFO] PluginManage:310 - Check plugin lpbam
2024-11-15 14:05:57,742 [INFO] PluginManage:359 - Loaded plugin lpbam (category:base,tabindex:0)
2024-11-15 14:05:57,742 [INFO] PluginManage:310 - Check plugin memorymap
2024-11-15 14:05:57,785 [INFO] PluginManage:359 - Loaded plugin memorymap (category:base,tabindex:4)
2024-11-15 14:05:57,785 [INFO] PluginManage:310 - Check plugin pinoutandconfiguration
2024-11-15 14:05:57,812 [INFO] PluginManage:359 - Loaded plugin pinoutandconfiguration (category:base,tabindex:1)
2024-11-15 14:05:57,812 [INFO] PluginManage:310 - Check plugin pinoutconfig
2024-11-15 14:05:58,029 [WARN] SupportedApi:132 - Cannot load RTOS API schema: s4s-elt-must-match.1: The content of 'definitions' must match (annotation?, (simpleType | complexType)?, (unique | key | keyref)*)). A problem was found starting at: attribute.
2024-11-15 14:05:58,341 [INFO] PluginManage:359 - Loaded plugin pinoutconfig (category:base,tabindex:0)
2024-11-15 14:05:58,341 [INFO] PluginManage:310 - Check plugin power
2024-11-15 14:05:58,372 [INFO] PluginManage:359 - Loaded plugin power (category:power,tabindex:4)
2024-11-15 14:05:58,372 [INFO] PluginManage:310 - Check plugin projectmanager
2024-11-15 14:05:58,408 [INFO] PluginManage:359 - Loaded plugin projectmanager (category:projectmanager,tabindex:4)
2024-11-15 14:05:58,408 [INFO] PluginManage:310 - Check plugin rif
2024-11-15 14:05:58,434 [INFO] PluginManage:359 - Loaded plugin rif (category:base,tabindex:3)
2024-11-15 14:05:58,434 [INFO] PluginManage:310 - Check plugin thirdparty
2024-11-15 14:05:59,034 [INFO] PluginManage:359 - Loaded plugin thirdparty (category:base,tabindex:-1)
2024-11-15 14:05:59,034 [WARN] IntegrityCheckThread:84 - waiting for thirdparty lock release [integrity check]
2024-11-15 14:05:59,034 [INFO] PluginManage:310 - Check plugin tools
2024-11-15 14:05:59,034 [INFO] IntegrityCheckThread:86 - entering critical section [integrity check]
2024-11-15 14:05:59,036 [INFO] ThirdPartyUpdaterWithRetryManager:70 - Updater plugin not ready yet. [1/15]
2024-11-15 14:05:59,087 [INFO] PluginManage:359 - Loaded plugin tools (category:base,tabindex:7)
2024-11-15 14:05:59,087 [INFO] PluginManage:310 - Check plugin tutovideos
2024-11-15 14:05:59,517 [INFO] PluginManage:359 - Loaded plugin tutovideos (category:base,tabindex:-1)
2024-11-15 14:05:59,517 [INFO] PluginManage:310 - Check plugin updater
2024-11-15 14:05:59,558 [INFO] PluginManage:359 - Loaded plugin updater (category:base,tabindex:12)
2024-11-15 14:05:59,558 [INFO] PluginManage:310 - Check plugin userauth
2024-11-15 14:05:59,570 [INFO] UserAuth:113 - Init User Auth plugin
2024-11-15 14:05:59,571 [INFO] PluginManage:359 - Loaded plugin userauth (category:base,tabindex:14)
2024-11-15 14:05:59,571 [INFO] PluginManage:283 - PluginManage : Loaded plugins [18]
2024-11-15 14:06:00,042 [INFO] PinOutPanel:1561 - setPackage(No Configuration,No Configuration)
2024-11-15 14:06:00,252 [INFO] CADModel:165 - CPN selected for project level
2024-11-15 14:06:00,252 [INFO] CADModel:114 - Register for checkConnection events
2024-11-15 14:06:00,312 [INFO] IPUIPlugin:80 - create IPUIPlugin
2024-11-15 14:06:00,313 [INFO] PluginManager:220 - loadIPPluginJar : add adc
2024-11-15 14:06:00,390 [INFO] IPUIPlugin:80 - create IPUIPlugin
2024-11-15 14:06:00,390 [INFO] PluginManager:220 - loadIPPluginJar : add aes
2024-11-15 14:06:00,497 [INFO] IPUIPlugin:80 - create IPUIPlugin
2024-11-15 14:06:00,497 [INFO] PluginManager:220 - loadIPPluginJar : add can
2024-11-15 14:06:00,527 [INFO] IPUIPlugin:80 - create IPUIPlugin
2024-11-15 14:06:00,527 [INFO] PluginManager:220 - loadIPPluginJar : add comp
2024-11-15 14:06:00,615 [INFO] IPUIPlugin:80 - create IPUIPlugin
2024-11-15 14:06:00,616 [INFO] PluginManager:220 - loadIPPluginJar : add cryp
2024-11-15 14:06:00,646 [INFO] IPUIPlugin:80 - create IPUIPlugin
2024-11-15 14:06:00,646 [INFO] PluginManager:220 - loadIPPluginJar : add ddr_ctrl_phy
2024-11-15 14:06:00,686 [INFO] IPUIPlugin:80 - create IPUIPlugin
2024-11-15 14:06:00,686 [INFO] PluginManager:220 - loadIPPluginJar : add dfsdm
2024-11-15 14:06:00,703 [INFO] IPUIPlugin:80 - create IPUIPlugin
2024-11-15 14:06:00,704 [INFO] PluginManager:220 - loadIPPluginJar : add dma
2024-11-15 14:06:00,764 [INFO] IPUIPlugin:80 - create IPUIPlugin
2024-11-15 14:06:00,764 [INFO] PluginManager:220 - loadIPPluginJar : add dma3
2024-11-15 14:06:00,894 [INFO] IPUIPlugin:80 - create IPUIPlugin
2024-11-15 14:06:00,894 [INFO] PluginManager:220 - loadIPPluginJar : add extmemmanager
2024-11-15 14:06:00,941 [INFO] IPUIPlugin:80 - create IPUIPlugin
2024-11-15 14:06:00,942 [INFO] PluginManager:220 - loadIPPluginJar : add fatfs
2024-11-15 14:06:01,005 [INFO] IPUIPlugin:80 - create IPUIPlugin
2024-11-15 14:06:01,006 [INFO] PluginManager:220 - loadIPPluginJar : add fmc
2024-11-15 14:06:01,029 [INFO] IPUIPlugin:80 - create IPUIPlugin
2024-11-15 14:06:01,029 [INFO] PluginManager:220 - loadIPPluginJar : add freertos
2024-11-15 14:06:01,056 [INFO] IPUIPlugin:80 - create IPUIPlugin
2024-11-15 14:06:01,056 [INFO] PluginManager:220 - loadIPPluginJar : add genericplugin
2024-11-15 14:06:01,317 [INFO] IPUIPlugin:80 - create IPUIPlugin
2024-11-15 14:06:01,317 [INFO] PluginManager:220 - loadIPPluginJar : add gfxmmu
2024-11-15 14:06:01,608 [INFO] IPUIPlugin:80 - create IPUIPlugin
2024-11-15 14:06:01,609 [INFO] PluginManager:220 - loadIPPluginJar : add gic
2024-11-15 14:06:01,639 [INFO] IPUIPlugin:80 - create IPUIPlugin
2024-11-15 14:06:01,639 [INFO] PluginManager:220 - loadIPPluginJar : add gpio
2024-11-15 14:06:01,820 [INFO] IPUIPlugin:80 - create IPUIPlugin
2024-11-15 14:06:01,820 [INFO] PluginManager:220 - loadIPPluginJar : add gtzc
2024-11-15 14:06:01,906 [INFO] IPUIPlugin:80 - create IPUIPlugin
2024-11-15 14:06:01,906 [INFO] PluginManager:220 - loadIPPluginJar : add hash
2024-11-15 14:06:01,983 [INFO] IPUIPlugin:80 - create IPUIPlugin
2024-11-15 14:06:01,984 [INFO] PluginManager:220 - loadIPPluginJar : add i2c
2024-11-15 14:06:02,037 [INFO] ThirdPartyUpdaterWithRetryManager:70 - Updater plugin not ready yet. [2/15]
2024-11-15 14:06:02,079 [INFO] IPUIPlugin:80 - create IPUIPlugin
2024-11-15 14:06:02,079 [INFO] PluginManager:220 - loadIPPluginJar : add i2s
2024-11-15 14:06:02,188 [INFO] IPUIPlugin:80 - create IPUIPlugin
2024-11-15 14:06:02,188 [INFO] PluginManager:220 - loadIPPluginJar : add i3c
2024-11-15 14:06:02,435 [INFO] IPUIPlugin:80 - create IPUIPlugin
2024-11-15 14:06:02,436 [INFO] PluginManager:220 - loadIPPluginJar : add ipddr
2024-11-15 14:06:02,638 [INFO] IPUIPlugin:80 - create IPUIPlugin
2024-11-15 14:06:02,638 [INFO] PluginManager:220 - loadIPPluginJar : add linkedlist
2024-11-15 14:06:02,677 [INFO] IPUIPlugin:80 - create IPUIPlugin
2024-11-15 14:06:02,677 [INFO] PluginManager:220 - loadIPPluginJar : add lorawan
2024-11-15 14:06:02,776 [INFO] IPUIPlugin:80 - create IPUIPlugin
2024-11-15 14:06:02,776 [INFO] PluginManager:220 - loadIPPluginJar : add ltdc
2024-11-15 14:06:02,813 [INFO] IPUIPlugin:80 - create IPUIPlugin
2024-11-15 14:06:02,814 [INFO] PluginManager:220 - loadIPPluginJar : add mdma
2024-11-15 14:06:02,834 [INFO] IPUIPlugin:80 - create IPUIPlugin
2024-11-15 14:06:02,834 [INFO] PluginManager:220 - loadIPPluginJar : add nvic
2024-11-15 14:06:02,879 [INFO] IPUIPlugin:80 - create IPUIPlugin
2024-11-15 14:06:02,880 [INFO] PluginManager:220 - loadIPPluginJar : add opamp
2024-11-15 14:06:03,049 [INFO] IPUIPlugin:80 - create IPUIPlugin
2024-11-15 14:06:03,050 [INFO] PluginManager:220 - loadIPPluginJar : add openamp
2024-11-15 14:06:03,170 [INFO] IPUIPlugin:80 - create IPUIPlugin
2024-11-15 14:06:03,170 [INFO] PluginManager:220 - loadIPPluginJar : add pdm2pcm
2024-11-15 14:06:03,193 [INFO] IPUIPlugin:80 - create IPUIPlugin
2024-11-15 14:06:03,198 [INFO] PluginManager:220 - loadIPPluginJar : add plateformsettings
2024-11-15 14:06:03,225 [INFO] IPUIPlugin:80 - create IPUIPlugin
2024-11-15 14:06:03,225 [INFO] PluginManager:220 - loadIPPluginJar : add quadspi
2024-11-15 14:06:03,256 [INFO] IPUIPlugin:80 - create IPUIPlugin
2024-11-15 14:06:03,258 [INFO] PluginManager:220 - loadIPPluginJar : add radio
2024-11-15 14:06:03,281 [INFO] IPUIPlugin:80 - create IPUIPlugin
2024-11-15 14:06:03,281 [INFO] PluginManager:220 - loadIPPluginJar : add resmgrutility
2024-11-15 14:06:03,359 [INFO] IPUIPlugin:80 - create IPUIPlugin
2024-11-15 14:06:03,359 [INFO] PluginManager:220 - loadIPPluginJar : add sai
2024-11-15 14:06:03,465 [INFO] IPUIPlugin:80 - create IPUIPlugin
2024-11-15 14:06:03,465 [INFO] PluginManager:220 - loadIPPluginJar : add spi
2024-11-15 14:06:03,660 [INFO] IPUIPlugin:80 - create IPUIPlugin
2024-11-15 14:06:03,661 [INFO] PluginManager:220 - loadIPPluginJar : add stm32_wpan
2024-11-15 14:06:03,707 [INFO] IPUIPlugin:80 - create IPUIPlugin
2024-11-15 14:06:03,707 [INFO] PluginManager:220 - loadIPPluginJar : add tim
2024-11-15 14:06:03,801 [INFO] IPUIPlugin:80 - create IPUIPlugin
2024-11-15 14:06:03,801 [INFO] PluginManager:220 - loadIPPluginJar : add touchsensing
2024-11-15 14:06:03,864 [INFO] IPUIPlugin:80 - create IPUIPlugin
2024-11-15 14:06:03,865 [INFO] PluginManager:220 - loadIPPluginJar : add tracer_emb
2024-11-15 14:06:03,927 [INFO] IPUIPlugin:80 - create IPUIPlugin
2024-11-15 14:06:03,928 [INFO] PluginManager:220 - loadIPPluginJar : add ts
2024-11-15 14:06:03,955 [INFO] IPUIPlugin:80 - create IPUIPlugin
2024-11-15 14:06:03,955 [INFO] PluginManager:220 - loadIPPluginJar : add tsc
2024-11-15 14:06:03,985 [INFO] IPUIPlugin:80 - create IPUIPlugin
2024-11-15 14:06:03,985 [INFO] PluginManager:220 - loadIPPluginJar : add ucpd
2024-11-15 14:06:04,104 [INFO] IPUIPlugin:80 - create IPUIPlugin
2024-11-15 14:06:04,104 [INFO] PluginManager:220 - loadIPPluginJar : add usart
2024-11-15 14:06:04,228 [INFO] IPUIPlugin:80 - create IPUIPlugin
2024-11-15 14:06:04,228 [INFO] PluginManager:220 - loadIPPluginJar : add usbx
2024-11-15 14:06:04,437 [INFO] CADModel:165 - CPN selected for project level
2024-11-15 14:06:04,437 [INFO] CADModel:114 - Register for checkConnection events
2024-11-15 14:06:04,437 [FATAL] Updater:334 - Updater called before beeing initialized
2024-11-15 14:06:04,438 [ERROR] CADModel:125 - Updater not yet initialized, retry later 
2024-11-15 14:06:04,722 [INFO] CADModel:165 - CPN selected for project level
2024-11-15 14:06:04,722 [INFO] CADModel:114 - Register for checkConnection events
2024-11-15 14:06:04,723 [FATAL] Updater:334 - Updater called before beeing initialized
2024-11-15 14:06:04,723 [ERROR] CADModel:125 - Updater not yet initialized, retry later 
2024-11-15 14:06:04,730 [FATAL] Updater:334 - Updater called before beeing initialized
2024-11-15 14:06:05,039 [INFO] ThirdPartyUpdaterWithRetryManager:70 - Updater plugin not ready yet. [3/15]
2024-11-15 14:06:05,074 [FATAL] Updater:334 - Updater called before beeing initialized
2024-11-15 14:06:05,100 [INFO] DbMcusAds:53 - JSON generation date=Fri Sep 20 06:04:23 PDT 2024 (1726837463113)
2024-11-15 14:06:05,100 [FATAL] Updater:334 - Updater called before beeing initialized
2024-11-15 14:06:05,194 [WARN] DetailPanel:346 - Failed to get advertising image, set to default
2024-11-15 14:06:05,431 [FATAL] Updater:334 - Updater called before beeing initialized
2024-11-15 14:06:05,437 [FATAL] Updater:334 - Updater called before beeing initialized
2024-11-15 14:06:05,437 [FATAL] Updater:334 - Updater called before beeing initialized
2024-11-15 14:06:05,437 [WARN] DetailPanel:346 - Failed to get advertising image, set to default
2024-11-15 14:06:05,438 [FATAL] Updater:334 - Updater called before beeing initialized
2024-11-15 14:06:05,620 [ERROR] Updater:1164 - MainUpdater not yet initialized. External WinMGr cannot be set.
2024-11-15 14:06:05,640 [INFO] Updater:1100 - Updater Version found : 6.12.1
2024-11-15 14:06:05,689 [INFO] ApplicationProperties:184 - Using Application install path: C:\ST\STM32CubeIDE_1.16.1\STM32CubeIDE\plugins\com.st.stm32cube.common.mx_6.12.1.202409122256
2024-11-15 14:06:07,317 [ERROR] LogOutputStream:75 - [STDERR_REDIRECT] Nov 15, 2024 2:06:07 PM java.util.prefs.WindowsPreferences <init>
2024-11-15 14:06:07,321 [ERROR] LogOutputStream:75 - [STDERR_REDIRECT] WARNING: Could not open/create prefs root node Software\JavaSoft\Prefs at root 0xffffffff80000002. Windows RegCreateKeyEx(...) returned error code 5.
2024-11-15 14:06:07,322 [ERROR] LogOutputStream:75 - [STDERR_REDIRECT] 
2024-11-15 14:06:08,041 [FATAL] Updater:334 - Updater called before beeing initialized
2024-11-15 14:06:08,042 [ERROR] IntegrityCheckThread:130 - Cannot retrieve database content from updater: error 21
2024-11-15 14:06:08,043 [INFO] ThirdParty:978 - Integrity check success = false
2024-11-15 14:06:08,043 [INFO] IntegrityCheckThread:100 - exiting critical section [integrity check]
2024-11-15 14:06:08,043 [INFO] IntegrityCheckThread:103 - End integrity checks thread
2024-11-15 14:06:08,088 [INFO] MainUpdater:2873 - connection check result : 10
2024-11-15 14:06:08,088 [INFO] MainUpdater:3567 - Updater definition file requires update
2024-11-15 14:06:08,091 [INFO] MainUpdater:290 - Updater Check For Update Now.
2024-11-15 14:06:08,092 [INFO] MicroXplorer:498 - Change Database Version : DB.6.0.121
2024-11-15 14:06:08,132 [INFO] ServerAccessManage:473 - Download File updaters.zip
2024-11-15 14:06:08,146 [INFO] McuFinderGlobals:63 - Set McuFinder mode to 2 (CubeIDE integrated)
2024-11-15 14:06:08,166 [INFO] UserAuth:417 - Internet connection configuration mode: 1
2024-11-15 14:06:08,220 [INFO] JxBrowserEngine:152 - Initiate JxBrowser Engine with user profile folder
2024-11-15 14:06:08,349 [INFO] FileExtend:240 - Unzip File : updaters.zip
2024-11-15 14:06:08,349 [INFO] FileExtend:255 - Standard Zip Deflate
2024-11-15 14:06:09,538 [INFO] ServerAccessManage:473 - Download File PacksControlFlags.xml
2024-11-15 14:06:09,787 [INFO] ServerAccessManage:473 - Download File cubemx.pidx
2024-11-15 14:06:10,325 [INFO] ServerAccessManage:473 - Download File STMicroelectronics.FP-ATR-ASTRA1.pdsc
2024-11-15 14:06:11,223 [INFO] ServerAccessManage:473 - Download File STMicroelectronics.X-CUBE-FREERTOS.pdsc
2024-11-15 14:06:11,419 [INFO] ServerAccessManage:473 - Download File STMicroelectronics.X-CUBE-GNSS1.pdsc
2024-11-15 14:06:12,206 [ERROR] ServerAccessManage:1089 - Problem, file not found on Server
2024-11-15 14:06:12,779 [ERROR] ServerAccessManage:1089 - Problem, file not found on Server
2024-11-15 14:06:13,288 [ERROR] ServerAccessManage:1089 - Problem, file not found on Server
2024-11-15 14:06:13,948 [ERROR] ServerAccessManage:1089 - Problem, file not found on Server
2024-11-15 14:06:14,460 [ERROR] ServerAccessManage:1089 - Problem, file not found on Server
2024-11-15 14:06:14,972 [ERROR] ServerAccessManage:1089 - Problem, file not found on Server
2024-11-15 14:06:15,053 [INFO] ServerAccessManage:473 - Download File STMicroelectronics.X-CUBE-ISPU.pdsc
2024-11-15 14:06:15,215 [INFO] ServerAccessManage:473 - Download File STMicroelectronics.X-CUBE-IPS.pdsc
2024-11-15 14:06:15,471 [INFO] ServerAccessManage:473 - Download File STMicroelectronics.X-CUBE-MEMS1.pdsc
2024-11-15 14:06:16,247 [INFO] ServerAccessManage:473 - Download File STMicroelectronics.X-CUBE-NFC6.pdsc
2024-11-15 14:06:16,396 [INFO] ServerAccessManage:473 - Download File STMicroelectronics.X-CUBE-NFC7.pdsc
2024-11-15 14:06:16,522 [INFO] ServerAccessManage:473 - Download File STMicroelectronics.X-CUBE-NFC9.pdsc
2024-11-15 14:06:16,609 [INFO] ServerAccessManage:473 - Download File STMicroelectronics.X-CUBE-NFC10.pdsc
2024-11-15 14:06:16,781 [INFO] ServerAccessManage:473 - Download File STMicroelectronics.X-CUBE-SAFEA1.pdsc
2024-11-15 14:06:16,904 [INFO] ServerAccessManage:473 - Download File STMicroelectronics.X-CUBE-SMBUS.pdsc
2024-11-15 14:06:17,493 [ERROR] ServerAccessManage:1089 - Problem, file not found on Server
2024-11-15 14:06:17,508 [INFO] ServerAccessManage:473 - Download File STMicroelectronics.X-CUBE-TCPP.pdsc
2024-11-15 14:06:17,609 [INFO] ServerAccessManage:473 - Download File STMicroelectronics.X-CUBE-TOF1.pdsc
2024-11-15 14:06:18,452 [ERROR] ServerAccessManage:1089 - Problem, file not found on Server
2024-11-15 14:06:18,518 [INFO] ServerAccessManage:473 - Download File STMicroelectronics.X-CUBE-TOUCHGFX.pdsc
2024-11-15 14:06:18,912 [INFO] ServerAccessManage:473 - Download File STMicroelectronics.X-CUBE-ALGOBUILD.pdsc
2024-11-15 14:06:19,106 [INFO] ServerAccessManage:473 - Download File STMicroelectronics.X-CUBE-AZRTOS-H7.pdsc
2024-11-15 14:06:19,347 [INFO] ServerAccessManage:473 - Download File STMicroelectronics.X-CUBE-AZRTOS-H7RS.pdsc
2024-11-15 14:06:19,665 [INFO] ServerAccessManage:473 - Download File STMicroelectronics.X-CUBE-AZRTOS-L4.pdsc
2024-11-15 14:06:19,864 [INFO] ServerAccessManage:473 - Download File STMicroelectronics.X-CUBE-AZRTOS-L5.pdsc
2024-11-15 14:06:20,164 [INFO] ServerAccessManage:473 - Download File STMicroelectronics.X-CUBE-AZRTOS-G4.pdsc
2024-11-15 14:06:20,370 [INFO] ServerAccessManage:473 - Download File STMicroelectronics.X-CUBE-AZRTOS-WB.pdsc
2024-11-15 14:06:20,541 [INFO] ServerAccessManage:473 - Download File STMicroelectronics.X-CUBE-AZRTOS-WL.pdsc
2024-11-15 14:06:20,645 [INFO] ServerAccessManage:473 - Download File STMicroelectronics.X-CUBE-WB05N.pdsc
2024-11-15 14:06:21,319 [INFO] ServerAccessManage:473 - Download File wolfSSL.I-CUBE-wolfMQTT.pdsc
2024-11-15 14:06:22,004 [ERROR] ServerAccessManage:1089 - Problem, file not found on Server
2024-11-15 14:06:22,116 [INFO] ServerAccessManage:473 - Download File wolfSSL.I-CUBE-wolfTPM.pdsc
2024-11-15 14:06:23,154 [INFO] ServerAccessManage:473 - Download File wolfSSL.I-CUBE-wolfSSH.pdsc
2024-11-15 14:06:24,471 [INFO] WebApp:167 - Instantiating new browser for Auth
2024-11-15 14:06:24,748 [INFO] ServerAccessManage:473 - Download File RealThread.X-CUBE-RT-Thread_Nano.pdsc
2024-11-15 14:06:25,528 [INFO] ServerAccessManage:473 - Download File ITTIA_DB.I-CUBE-ITTIADB.pdsc
2024-11-15 14:06:25,786 [INFO] WebApp:448 - Apply proxy settings
2024-11-15 14:06:25,787 [INFO] WebApp:533 - Chromium requires no authentication
2024-11-15 14:06:25,808 [INFO] WebApp:476 - Direct internet connection detected
2024-11-15 14:06:25,863 [INFO] WebApp:869 - Register for checkConnection events
2024-11-15 14:06:25,864 [INFO] WebApp:448 - Apply proxy settings
2024-11-15 14:06:25,864 [INFO] WebApp:533 - Chromium requires no authentication
2024-11-15 14:06:25,865 [INFO] WebApp:476 - Direct internet connection detected
2024-11-15 14:06:26,055 [INFO] WebApp:186 - Connection restablished
2024-11-15 14:06:26,264 [INFO] WebApp:220 - Starting web application
2024-11-15 14:06:26,264 [INFO] WebApp:578 - Web application path used C:\ST\STM32CubeIDE_1.16.1\STM32CubeIDE\plugins\com.st.stm32cube.common.mx_6.12.1.202409122256\db\plugins\mcufinder\reactClient1\index.html
2024-11-15 14:06:26,509 [INFO] UserAuth:417 - Internet connection configuration mode: 1
2024-11-15 14:06:27,292 [INFO] ServerAccessManage:473 - Download File Infineon.AIROC-Wi-Fi-Bluetooth-STM32.pdsc
2024-11-15 14:06:30,945 [INFO] ServerAccessManage:473 - Download File Cesanta.I-CUBE-Mongoose.pdsc
2024-11-15 14:06:33,815 [INFO] ServerAccessManage:473 - Download File EmbeddedOffice.I-CUBE-FS-RTOS.pdsc
2024-11-15 14:06:34,658 [INFO] ServerAccessManage:473 - Download File quantropi.X-CUBE-qispace-sdk-base.pdsc
2024-11-15 14:06:34,942 [WARN] PackLoader:240 - Cannot read IP mode file for STMicroelectronics.FP-ATR-ASTRA1.2.0.1
2024-11-15 14:06:34,969 [WARN] PackLoader:240 - Cannot read IP mode file for STMicroelectronics.X-CUBE-FREERTOS.1.2.0
2024-11-15 14:06:34,994 [WARN] PackLoader:240 - Cannot read IP mode file for STMicroelectronics.X-CUBE-GNSS1.7.0.0
2024-11-15 14:06:35,005 [WARN] PackLoader:240 - Cannot read IP mode file for STMicroelectronics.X-CUBE-ISPU.2.1.0
2024-11-15 14:06:35,050 [WARN] PackLoader:240 - Cannot read IP mode file for STMicroelectronics.X-CUBE-IPS.3.0.0
2024-11-15 14:06:35,253 [WARN] PackLoader:240 - Cannot read IP mode file for STMicroelectronics.X-CUBE-MEMS1.11.0.0
2024-11-15 14:06:35,255 [INFO] CheckServerUpdateThread:120 - End of CheckServer Thread
2024-11-15 14:06:35,679 [WARN] PackLoader:240 - Cannot read IP mode file for STMicroelectronics.X-CUBE-NFC6.3.1.0
2024-11-15 14:06:35,695 [WARN] PackLoader:240 - Cannot read IP mode file for STMicroelectronics.X-CUBE-NFC7.1.0.1
2024-11-15 14:06:35,715 [WARN] PackLoader:240 - Cannot read IP mode file for STMicroelectronics.X-CUBE-NFC9.1.0.0
2024-11-15 14:06:35,736 [WARN] PackLoader:240 - Cannot read IP mode file for STMicroelectronics.X-CUBE-NFC10.1.0.0
2024-11-15 14:06:35,756 [WARN] PackLoader:240 - Cannot read IP mode file for STMicroelectronics.X-CUBE-SAFEA1.1.2.2
2024-11-15 14:06:35,771 [WARN] PackLoader:240 - Cannot read IP mode file for STMicroelectronics.X-CUBE-SMBUS.2.1.0
2024-11-15 14:06:35,783 [WARN] PackLoader:240 - Cannot read IP mode file for STMicroelectronics.X-CUBE-TCPP.4.1.0
2024-11-15 14:06:35,812 [WARN] PackLoader:240 - Cannot read IP mode file for STMicroelectronics.X-CUBE-TOF1.3.4.2
2024-11-15 14:06:35,850 [WARN] PackLoader:240 - Cannot read IP mode file for STMicroelectronics.X-CUBE-TOUCHGFX.4.24.1
2024-11-15 14:06:35,865 [WARN] PackLoader:240 - Cannot read IP mode file for STMicroelectronics.X-CUBE-ALGOBUILD.1.4.0
2024-11-15 14:06:35,941 [WARN] PackLoader:240 - Cannot read IP mode file for STMicroelectronics.X-CUBE-AZRTOS-H7.3.3.0
2024-11-15 14:06:35,981 [WARN] PackLoader:240 - Cannot read IP mode file for STMicroelectronics.X-CUBE-AZRTOS-H7RS.1.0.0
2024-11-15 14:06:36,027 [WARN] ConditionMgr:438 - getConditionDescription Invalid condition id : LAN8742 Phy interface Condition cause : null
2024-11-15 14:06:36,029 [WARN] PackLoader:240 - Cannot read IP mode file for STMicroelectronics.X-CUBE-AZRTOS-L4.2.0.0
2024-11-15 14:06:36,034 [WARN] ConditionMgr:1039 - genDependencies : Invalid condition id : LAN8742 Phy interface Condition cause : null
2024-11-15 14:06:36,034 [WARN] ConditionMgr:1039 - genDependencies : Invalid condition id : LAN8742 Phy interface Condition cause : null
2024-11-15 14:06:36,036 [WARN] ConditionMgr:1039 - genDependencies : Invalid condition id : LAN8742 Phy interface Condition cause : null
2024-11-15 14:06:36,081 [WARN] PackLoader:240 - Cannot read IP mode file for STMicroelectronics.X-CUBE-AZRTOS-L5.2.0.0
2024-11-15 14:06:36,123 [WARN] PackLoader:240 - Cannot read IP mode file for STMicroelectronics.X-CUBE-AZRTOS-G4.2.0.0
2024-11-15 14:06:36,155 [WARN] ConditionMgr:438 - getConditionDescription Invalid condition id : UX DEVICE CLASS RTOS Condition cause : null
2024-11-15 14:06:36,156 [WARN] ConditionMgr:438 - getConditionDescription Invalid condition id : UX DEVICE CLASS RTOS Condition cause : null
2024-11-15 14:06:36,161 [WARN] PackLoader:240 - Cannot read IP mode file for STMicroelectronics.X-CUBE-AZRTOS-WB.2.0.0
2024-11-15 14:06:36,164 [WARN] ConditionMgr:1039 - genDependencies : Invalid condition id : UX DEVICE CLASS RTOS Condition cause : null
2024-11-15 14:06:36,164 [WARN] ConditionMgr:1039 - genDependencies : Invalid condition id : UX DEVICE CLASS RTOS Condition cause : null
2024-11-15 14:06:36,165 [WARN] ConditionMgr:1039 - genDependencies : Invalid condition id : UX DEVICE CLASS RTOS Condition cause : null
2024-11-15 14:06:36,167 [WARN] ConditionMgr:1039 - genDependencies : Invalid condition id : UX DEVICE CLASS RTOS Condition cause : null
2024-11-15 14:06:36,167 [WARN] ConditionMgr:1039 - genDependencies : Invalid condition id : UX DEVICE CLASS RTOS Condition cause : null
2024-11-15 14:06:36,189 [INFO] LogOutputStream:77 - [STDOUT_REDIRECT] 1 : Invalid condition id : UX_CORESTACK_Condition cause : null
2024-11-15 14:06:36,190 [INFO] LogOutputStream:77 - [STDOUT_REDIRECT] 1 : Invalid condition id : UX_CORESTACK_Condition cause : null
2024-11-15 14:06:36,193 [INFO] LogOutputStream:77 - [STDOUT_REDIRECT] 1 : Invalid condition id : UX_CORESTACK_Condition cause : null
2024-11-15 14:06:36,196 [INFO] LogOutputStream:77 - [STDOUT_REDIRECT] 1 : Invalid condition id : UX_CORESTACK_Condition cause : null
2024-11-15 14:06:36,199 [INFO] LogOutputStream:77 - [STDOUT_REDIRECT] 1 : Invalid condition id : UX_CORESTACK_Condition cause : null
2024-11-15 14:06:36,209 [WARN] PackLoader:240 - Cannot read IP mode file for STMicroelectronics.X-CUBE-AZRTOS-WL.2.0.0
2024-11-15 14:06:36,225 [WARN] PackLoader:240 - Cannot read IP mode file for STMicroelectronics.X-CUBE-WB05N.1.1.0
2024-11-15 14:06:36,235 [WARN] PackLoader:240 - Cannot read IP mode file for wolfSSL.I-CUBE-wolfMQTT.1.19.0
2024-11-15 14:06:36,243 [WARN] PackLoader:240 - Cannot read IP mode file for wolfSSL.I-CUBE-wolfTPM.3.4.0
2024-11-15 14:06:36,252 [WARN] PackLoader:240 - Cannot read IP mode file for wolfSSL.I-CUBE-wolfSSH.1.4.17
2024-11-15 14:06:36,264 [WARN] PackLoader:240 - Cannot read IP mode file for RealThread.X-CUBE-RT-Thread_Nano.4.1.1
2024-11-15 14:06:36,279 [WARN] PackLoader:240 - Cannot read IP mode file for ITTIA_DB.I-CUBE-ITTIADB.8.9.0
2024-11-15 14:06:36,335 [WARN] PackLoader:240 - Cannot read IP mode file for Infineon.AIROC-Wi-Fi-Bluetooth-STM32.1.6.1
2024-11-15 14:06:36,357 [WARN] PackLoader:240 - Cannot read IP mode file for Cesanta.I-CUBE-Mongoose.7.13.0
2024-11-15 14:06:36,377 [WARN] PackLoader:240 - Cannot read IP mode file for EmbeddedOffice.I-CUBE-FS-RTOS.1.0.1
2024-11-15 14:06:36,378 [ERROR] ConditionMgr:805 - Attr not supported : Dmpu
2024-11-15 14:06:36,378 [ERROR] ConditionMgr:805 - Attr not supported : Dmpu
2024-11-15 14:06:36,378 [ERROR] ConditionMgr:805 - Attr not supported : Dmpu
2024-11-15 14:06:36,379 [ERROR] ConditionMgr:805 - Attr not supported : Dmpu
2024-11-15 14:06:36,379 [ERROR] ConditionMgr:805 - Attr not supported : Dmpu
2024-11-15 14:06:36,379 [ERROR] ConditionMgr:805 - Attr not supported : Dmpu
2024-11-15 14:06:36,379 [ERROR] ConditionMgr:805 - Attr not supported : Dmpu
2024-11-15 14:06:36,379 [ERROR] ConditionMgr:805 - Attr not supported : Dmpu
2024-11-15 14:06:36,379 [ERROR] ConditionMgr:805 - Attr not supported : Dmpu
2024-11-15 14:06:36,379 [ERROR] ConditionMgr:805 - Attr not supported : Dmpu
2024-11-15 14:06:36,380 [ERROR] ConditionMgr:805 - Attr not supported : Dmpu
2024-11-15 14:06:36,380 [ERROR] ConditionMgr:805 - Attr not supported : Dmpu
2024-11-15 14:06:36,380 [ERROR] ConditionMgr:805 - Attr not supported : Dmpu
2024-11-15 14:06:36,380 [ERROR] ConditionMgr:805 - Attr not supported : Dmpu
2024-11-15 14:06:36,380 [ERROR] ConditionMgr:805 - Attr not supported : Dmpu
2024-11-15 14:06:36,380 [ERROR] ConditionMgr:805 - Attr not supported : Dmpu
2024-11-15 14:06:36,380 [ERROR] ConditionMgr:805 - Attr not supported : Dmpu
2024-11-15 14:06:36,381 [ERROR] ConditionMgr:805 - Attr not supported : Dmpu
2024-11-15 14:06:36,381 [ERROR] ConditionMgr:805 - Attr not supported : Dmpu
2024-11-15 14:06:36,381 [ERROR] ConditionMgr:805 - Attr not supported : Dmpu
2024-11-15 14:06:36,381 [ERROR] ConditionMgr:805 - Attr not supported : Dmpu
2024-11-15 14:06:36,381 [ERROR] ConditionMgr:805 - Attr not supported : Dmpu
2024-11-15 14:06:36,381 [ERROR] ConditionMgr:805 - Attr not supported : Dmpu
2024-11-15 14:06:36,381 [ERROR] ConditionMgr:805 - Attr not supported : Dmpu
2024-11-15 14:06:36,381 [ERROR] ConditionMgr:805 - Attr not supported : Dmpu
2024-11-15 14:06:36,381 [ERROR] ConditionMgr:805 - Attr not supported : Dmpu
2024-11-15 14:06:36,381 [ERROR] ConditionMgr:805 - Attr not supported : Dmpu
2024-11-15 14:06:36,381 [ERROR] ConditionMgr:805 - Attr not supported : Dmpu
2024-11-15 14:06:36,383 [ERROR] ConditionMgr:805 - Attr not supported : Dmpu
2024-11-15 14:06:36,383 [ERROR] ConditionMgr:805 - Attr not supported : Dmpu
2024-11-15 14:06:36,383 [ERROR] ConditionMgr:805 - Attr not supported : Dmpu
2024-11-15 14:06:36,383 [ERROR] ConditionMgr:805 - Attr not supported : Dmpu
2024-11-15 14:06:36,383 [ERROR] ConditionMgr:805 - Attr not supported : Dmpu
2024-11-15 14:06:36,383 [ERROR] ConditionMgr:805 - Attr not supported : Dmpu
2024-11-15 14:06:36,383 [ERROR] ConditionMgr:805 - Attr not supported : Dmpu
2024-11-15 14:06:36,383 [ERROR] ConditionMgr:805 - Attr not supported : Dmpu
2024-11-15 14:06:36,384 [ERROR] ConditionMgr:805 - Attr not supported : Dmpu
2024-11-15 14:06:36,385 [ERROR] ConditionMgr:805 - Attr not supported : Dmpu
2024-11-15 14:06:36,385 [ERROR] ConditionMgr:805 - Attr not supported : Dmpu
2024-11-15 14:06:36,385 [ERROR] ConditionMgr:805 - Attr not supported : Dmpu
2024-11-15 14:06:36,385 [ERROR] ConditionMgr:805 - Attr not supported : Dmpu
2024-11-15 14:06:36,385 [ERROR] ConditionMgr:805 - Attr not supported : Dmpu
2024-11-15 14:06:36,385 [ERROR] ConditionMgr:805 - Attr not supported : Dmpu
2024-11-15 14:06:36,386 [ERROR] ConditionMgr:805 - Attr not supported : Dmpu
2024-11-15 14:06:36,386 [ERROR] ConditionMgr:805 - Attr not supported : Dmpu
2024-11-15 14:06:36,386 [ERROR] ConditionMgr:805 - Attr not supported : Dmpu
2024-11-15 14:06:36,386 [ERROR] ConditionMgr:805 - Attr not supported : Dmpu
2024-11-15 14:06:36,386 [ERROR] ConditionMgr:805 - Attr not supported : Dmpu
2024-11-15 14:06:36,386 [ERROR] ConditionMgr:805 - Attr not supported : Dmpu
2024-11-15 14:06:36,386 [ERROR] ConditionMgr:805 - Attr not supported : Dmpu
2024-11-15 14:06:36,387 [ERROR] ConditionMgr:805 - Attr not supported : Dmpu
2024-11-15 14:06:36,387 [ERROR] ConditionMgr:805 - Attr not supported : Dmpu
2024-11-15 14:06:36,387 [ERROR] ConditionMgr:805 - Attr not supported : Dmpu
2024-11-15 14:06:36,387 [ERROR] ConditionMgr:805 - Attr not supported : Dmpu
2024-11-15 14:06:36,387 [ERROR] ConditionMgr:805 - Attr not supported : Dmpu
2024-11-15 14:06:36,387 [ERROR] ConditionMgr:805 - Attr not supported : Dmpu
2024-11-15 14:06:36,387 [ERROR] ConditionMgr:805 - Attr not supported : Dmpu
2024-11-15 14:06:36,387 [ERROR] ConditionMgr:805 - Attr not supported : Dmpu
2024-11-15 14:06:36,387 [ERROR] ConditionMgr:805 - Attr not supported : Dmpu
2024-11-15 14:06:36,388 [ERROR] ConditionMgr:805 - Attr not supported : Dmpu
2024-11-15 14:06:36,388 [ERROR] ConditionMgr:805 - Attr not supported : Dmpu
2024-11-15 14:06:36,388 [ERROR] ConditionMgr:805 - Attr not supported : Dmpu
2024-11-15 14:06:36,388 [ERROR] ConditionMgr:805 - Attr not supported : Dmpu
2024-11-15 14:06:36,388 [ERROR] ConditionMgr:805 - Attr not supported : Dmpu
2024-11-15 14:06:36,396 [WARN] ConditionMgr:438 - getConditionDescription Invalid condition id : Cortex-A Device cause : null
2024-11-15 14:06:36,448 [WARN] ConditionMgr:1039 - genDependencies : Invalid condition id : Cortex-A Device cause : null
2024-11-15 14:06:36,448 [WARN] ConditionMgr:1039 - genDependencies : Invalid condition id : Cortex-A Device cause : null
2024-11-15 14:06:36,448 [WARN] ConditionMgr:1039 - genDependencies : Invalid condition id : Cortex-A Device cause : null
2024-11-15 14:06:36,449 [INFO] PopulateThirdPartyThread:66 - Ending populate Thread
2024-11-15 14:06:36,453 [INFO] ThirdParty:1030 - CMSIS Pack Vendor :STMicroelectronics X-CUBE-AZRTOS-H7 3.3.0
2024-11-15 14:06:36,453 [INFO] ThirdParty:1030 - CMSIS Pack Vendor :STMicroelectronics X-CUBE-NFC9 1.0.0
2024-11-15 14:06:36,453 [INFO] ThirdParty:1030 - CMSIS Pack Vendor :RealThread X-CUBE-RT-Thread_Nano 4.1.1
2024-11-15 14:06:36,453 [INFO] ThirdParty:1030 - CMSIS Pack Vendor :STMicroelectronics FP-ATR-ASTRA1 2.0.1
2024-11-15 14:06:36,454 [INFO] ThirdParty:1030 - CMSIS Pack Vendor :STMicroelectronics X-CUBE-NFC10 1.0.0
2024-11-15 14:06:36,454 [INFO] ThirdParty:1030 - CMSIS Pack Vendor :STMicroelectronics X-CUBE-SMBUS 2.1.0
2024-11-15 14:06:36,454 [INFO] ThirdParty:1030 - CMSIS Pack Vendor :STMicroelectronics X-CUBE-WB05N 1.1.0
2024-11-15 14:06:36,454 [INFO] ThirdParty:1030 - CMSIS Pack Vendor :quantropi X-CUBE-qispace-sdk-base 1.9.3
2024-11-15 14:06:36,454 [INFO] ThirdParty:1030 - CMSIS Pack Vendor :STMicroelectronics X-CUBE-ISPU 2.1.0
2024-11-15 14:06:36,455 [INFO] ThirdParty:1030 - CMSIS Pack Vendor :STMicroelectronics X-CUBE-TCPP 4.1.0
2024-11-15 14:06:36,455 [INFO] ThirdParty:1030 - CMSIS Pack Vendor :STMicroelectronics X-CUBE-FREERTOS 1.2.0
2024-11-15 14:06:36,455 [INFO] ThirdParty:1030 - CMSIS Pack Vendor :STMicroelectronics X-CUBE-IPS 3.0.0
2024-11-15 14:06:36,455 [INFO] ThirdParty:1030 - CMSIS Pack Vendor :STMicroelectronics X-CUBE-AZRTOS-WB 2.0.0
2024-11-15 14:06:36,455 [INFO] ThirdParty:1030 - CMSIS Pack Vendor :STMicroelectronics X-CUBE-GNSS1 7.0.0
2024-11-15 14:06:36,455 [INFO] ThirdParty:1030 - CMSIS Pack Vendor :STMicroelectronics X-CUBE-NFC7 1.0.1
2024-11-15 14:06:36,455 [INFO] ThirdParty:1030 - CMSIS Pack Vendor :ITTIA_DB I-CUBE-ITTIADB 8.9.0
2024-11-15 14:06:36,455 [INFO] ThirdParty:1030 - CMSIS Pack Vendor :STMicroelectronics X-CUBE-TOUCHGFX 4.24.1
2024-11-15 14:06:36,455 [INFO] ThirdParty:1030 - CMSIS Pack Vendor :STMicroelectronics X-CUBE-AZRTOS-L5 2.0.0
2024-11-15 14:06:36,456 [INFO] ThirdParty:1030 - CMSIS Pack Vendor :wolfSSL I-CUBE-wolfTPM 3.4.0
2024-11-15 14:06:36,456 [INFO] ThirdParty:1030 - CMSIS Pack Vendor :STMicroelectronics X-CUBE-NFC6 3.1.0
2024-11-15 14:06:36,456 [INFO] ThirdParty:1030 - CMSIS Pack Vendor :STMicroelectronics X-CUBE-AZRTOS-WL 2.0.0
2024-11-15 14:06:36,456 [INFO] ThirdParty:1030 - CMSIS Pack Vendor :STMicroelectronics X-CUBE-MEMS1 11.0.0
2024-11-15 14:06:36,456 [INFO] ThirdParty:1030 - CMSIS Pack Vendor :STMicroelectronics X-CUBE-ALGOBUILD 1.4.0
2024-11-15 14:06:36,456 [INFO] ThirdParty:1030 - CMSIS Pack Vendor :STMicroelectronics X-CUBE-SAFEA1 1.2.2
2024-11-15 14:06:36,457 [INFO] ThirdParty:1030 - CMSIS Pack Vendor :STMicroelectronics X-CUBE-AZRTOS-H7RS 1.0.0
2024-11-15 14:06:36,457 [INFO] ThirdParty:1030 - CMSIS Pack Vendor :wolfSSL I-CUBE-wolfMQTT 1.19.0
2024-11-15 14:06:36,457 [INFO] ThirdParty:1030 - CMSIS Pack Vendor :STMicroelectronics X-CUBE-AZRTOS-L4 2.0.0
2024-11-15 14:06:36,457 [INFO] ThirdParty:1030 - CMSIS Pack Vendor :EmbeddedOffice I-CUBE-FS-RTOS 1.0.1
2024-11-15 14:06:36,457 [INFO] ThirdParty:1030 - CMSIS Pack Vendor :STMicroelectronics X-CUBE-TOF1 3.4.2
2024-11-15 14:06:36,457 [INFO] ThirdParty:1030 - CMSIS Pack Vendor :Cesanta I-CUBE-Mongoose 7.13.0
2024-11-15 14:06:36,457 [INFO] ThirdParty:1030 - CMSIS Pack Vendor :Infineon AIROC-Wi-Fi-Bluetooth-STM32 1.6.1
2024-11-15 14:06:36,457 [INFO] ThirdParty:1030 - CMSIS Pack Vendor :STMicroelectronics X-CUBE-AZRTOS-G4 2.0.0
2024-11-15 14:06:36,458 [INFO] ThirdParty:1030 - CMSIS Pack Vendor :wolfSSL I-CUBE-wolfSSH 1.4.17
2024-11-15 14:06:36,459 [INFO] LoadServerUpdatesThread:375 - End of LoadServerUpdate Thread
